hostnameifconfigfreelscpu0
yulee
eth0: flags=4163<UP,BROADCAST,RUNNING,MULTICAST>  mtu 1500
        inet 172.31.222.180  netmask 255.255.240.0  broadcast 172.31.223.255
        inet6 fe80::215:5dff:fe14:89b1  prefixlen 64  scopeid 0x20<link>
        ether 00:15:5d:14:89:b1  txqueuelen 1000  (Ethernet)
        RX packets 29068  bytes 5229529 (5.2 MB)
        RX errors 0  dropped 0  overruns 0  frame 0
        TX packets 182  bytes 20469 (20.4 KB)
        TX errors 0  dropped 0 overruns 0  carrier 0  collisions 0

lo: flags=73<UP,LOOPBACK,RUNNING>  mtu 65536
        inet 127.0.0.1  netmask 255.0.0.0
        inet6 ::1  prefixlen 128  scopeid 0x10<host>
        loop  txqueuelen 1000  (Local Loopback)
        RX packets 0  bytes 0 (0.0 B)
        RX errors 0  dropped 0  overruns 0  frame 0
        TX packets 0  bytes 0 (0.0 B)
        TX errors 0  dropped 0 overruns 0  carrier 0  collisions 0

              total        used        free      shared  buff/cache   available
Mem:       13037608      105116    12816988          72      115504    12723148
Swap:       4194304           0     4194304
Architecture:                    x86_64
CPU op-mode(s):                  32-bit, 64-bit
Byte Order:                      Little Endian
Address sizes:                   48 bits physical, 48 bits virtual
CPU(s):                          16
On-line CPU(s) list:             0-15
Thread(s) per core:              2
Core(s) per socket:              8
Socket(s):                       1
Vendor ID:                       AuthenticAMD
CPU family:                      23
Model:                           113
Model name:                      AMD Ryzen 7 3800X 8-Core Processor
Stepping:                        0
CPU MHz:                         3892.702
BogoMIPS:                        7785.40
Hypervisor vendor:               Microsoft
Virtualization type:             full
L1d cache:                       256 KiB
L1i cache:                       256 KiB
L2 cache:                        4 MiB
L3 cache:                        16 MiB
Vulnerability Itlb multihit:     Not affected
Vulnerability L1tf:              Not affected
Vulnerability Mds:               Not affected
Vulnerability Meltdown:          Not affected
Vulnerability Spec store bypass: Mitigation; Speculative Store Bypass disabled via prctl and seccomp
Vulnerability Spectre v1:        Mitigation; usercopy/swapgs barriers and __user pointer sanitization
Vulnerability Spectre v2:        Mitigation; Full generic retpoline, IBPB conditional, STIBP conditional, RSB filling
Vulnerability Srbds:             Not affected
Vulnerability Tsx async abort:   Not affected
Flags:                           fpu vme de pse tsc msr pae mce cx8 apic sep mtrr pge mca cmov pat pse36 clflush mmx fxsr sse sse2 ht syscall nx mmxext fxsr_opt pdpe1gb rdtscp lm rep_good nopl cpuid extd_apicid pni pclmulqdq ssse3 fma cx16 sse4_1 sse4_2 movbe popcnt aes xsave avx f16c rdrand hypervisor lahf_lm cmp_legacy cr8_legacy abm sse4a misalignsse 3dnowprefetch osvw topoext ssbd ibpb stibp vmmcall fsgsbase bmi1 avx2 smep bmi2 rdseed adx smap clflushopt clwb sha_ni xsaveopt xsavec xgetbv1 xsaves clzero xsaveerptr virt_ssbd arat umip rdpid
11
yulee
eth0: flags=4163<UP,BROADCAST,RUNNING,MULTICAST>  mtu 1500
        inet 172.31.222.180  netmask 255.255.240.0  broadcast 172.31.223.255
        inet6 fe80::215:5dff:fe14:89b1  prefixlen 64  scopeid 0x20<link>
        ether 00:15:5d:14:89:b1  txqueuelen 1000  (Ethernet)
        RX packets 31319  bytes 5634127 (5.6 MB)
        RX errors 0  dropped 0  overruns 0  frame 0
        TX packets 182  bytes 20469 (20.4 KB)
        TX errors 0  dropped 0 overruns 0  carrier 0  collisions 0

lo: flags=73<UP,LOOPBACK,RUNNING>  mtu 65536
        inet 127.0.0.1  netmask 255.0.0.0
        inet6 ::1  prefixlen 128  scopeid 0x10<host>
        loop  txqueuelen 1000  (Local Loopback)
        RX packets 0  bytes 0 (0.0 B)
        RX errors 0  dropped 0  overruns 0  frame 0
        TX packets 0  bytes 0 (0.0 B)
        TX errors 0  dropped 0 overruns 0  carrier 0  collisions 0

              total        used        free      shared  buff/cache   available
Mem:       13037608      104704    12816604          72      116300    12723188
Swap:       4194304           0     4194304
Architecture:                    x86_64
CPU op-mode(s):                  32-bit, 64-bit
Byte Order:                      Little Endian
Address sizes:                   48 bits physical, 48 bits virtual
CPU(s):                          16
On-line CPU(s) list:             0-15
Thread(s) per core:              2
Core(s) per socket:              8
Socket(s):                       1
Vendor ID:                       AuthenticAMD
CPU family:                      23
Model:                           113
Model name:                      AMD Ryzen 7 3800X 8-Core Processor
Stepping:                        0
CPU MHz:                         3892.702
BogoMIPS:                        7785.40
Hypervisor vendor:               Microsoft
Virtualization type:             full
L1d cache:                       256 KiB
L1i cache:                       256 KiB
L2 cache:                        4 MiB
L3 cache:                        16 MiB
Vulnerability Itlb multihit:     Not affected
Vulnerability L1tf:              Not affected
Vulnerability Mds:               Not affected
Vulnerability Meltdown:          Not affected
Vulnerability Spec store bypass: Mitigation; Speculative Store Bypass disabled via prctl and seccomp
Vulnerability Spectre v1:        Mitigation; usercopy/swapgs barriers and __user pointer sanitization
Vulnerability Spectre v2:        Mitigation; Full generic retpoline, IBPB conditional, STIBP conditional, RSB filling
Vulnerability Srbds:             Not affected
Vulnerability Tsx async abort:   Not affected
Flags:                           fpu vme de pse tsc msr pae mce cx8 apic sep mtrr pge mca cmov pat pse36 clflush mmx fxsr sse sse2 ht syscall nx mmxext fxsr_opt pdpe1gb rdtscp lm rep_good nopl cpuid extd_apicid pni pclmulqdq ssse3 fma cx16 sse4_1 sse4_2 movbe popcnt aes xsave avx f16c rdrand hypervisor lahf_lm cmp_legacy cr8_legacy abm sse4a misalignsse 3dnowprefetch osvw topoext ssbd ibpb stibp vmmcall fsgsbase bmi1 avx2 smep bmi2 rdseed adx smap clflushopt clwb sha_ni xsaveopt xsavec xgetbv1 xsaves clzero xsaveerptr virt_ssbd arat umip rdpid
11
yulee
eth0: flags=4163<UP,BROADCAST,RUNNING,MULTICAST>  mtu 1500
        inet 172.31.222.180  netmask 255.255.240.0  broadcast 172.31.223.255
        inet6 fe80::215:5dff:fe14:89b1  prefixlen 64  scopeid 0x20<link>
        ether 00:15:5d:14:89:b1  txqueuelen 1000  (Ethernet)
        RX packets 32762  bytes 5893644 (5.8 MB)
        RX errors 0  dropped 0  overruns 0  frame 0
        TX packets 183  bytes 20539 (20.5 KB)
        TX errors 0  dropped 0 overruns 0  carrier 0  collisions 0

lo: flags=73<UP,LOOPBACK,RUNNING>  mtu 65536
        inet 127.0.0.1  netmask 255.0.0.0
        inet6 ::1  prefixlen 128  scopeid 0x10<host>
        loop  txqueuelen 1000  (Local Loopback)
        RX packets 0  bytes 0 (0.0 B)
        RX errors 0  dropped 0  overruns 0  frame 0
        TX packets 0  bytes 0 (0.0 B)
        TX errors 0  dropped 0 overruns 0  carrier 0  collisions 0

              total        used        free      shared  buff/cache   available
Mem:       13037608      104644    12816312          72      116652    12723064
Swap:       4194304           0     4194304
Architecture:                    x86_64
CPU op-mode(s):                  32-bit, 64-bit
Byte Order:                      Little Endian
Address sizes:                   48 bits physical, 48 bits virtual
CPU(s):                          16
On-line CPU(s) list:             0-15
Thread(s) per core:              2
Core(s) per socket:              8
Socket(s):                       1
Vendor ID:                       AuthenticAMD
CPU family:                      23
Model:                           113
Model name:                      AMD Ryzen 7 3800X 8-Core Processor
Stepping:                        0
CPU MHz:                         3892.702
BogoMIPS:                        7785.40
Hypervisor vendor:               Microsoft
Virtualization type:             full
L1d cache:                       256 KiB
L1i cache:                       256 KiB
L2 cache:                        4 MiB
L3 cache:                        16 MiB
Vulnerability Itlb multihit:     Not affected
Vulnerability L1tf:              Not affected
Vulnerability Mds:               Not affected
Vulnerability Meltdown:          Not affected
Vulnerability Spec store bypass: Mitigation; Speculative Store Bypass disabled via prctl and seccomp
Vulnerability Spectre v1:        Mitigation; usercopy/swapgs barriers and __user pointer sanitization
Vulnerability Spectre v2:        Mitigation; Full generic retpoline, IBPB conditional, STIBP conditional, RSB filling
Vulnerability Srbds:             Not affected
Vulnerability Tsx async abort:   Not affected
Flags:                           fpu vme de pse tsc msr pae mce cx8 apic sep mtrr pge mca cmov pat pse36 clflush mmx fxsr sse sse2 ht syscall nx mmxext fxsr_opt pdpe1gb rdtscp lm rep_good nopl cpuid extd_apicid pni pclmulqdq ssse3 fma cx16 sse4_1 sse4_2 movbe popcnt aes xsave avx f16c rdrand hypervisor lahf_lm cmp_legacy cr8_legacy abm sse4a misalignsse 3dnowprefetch osvw topoext ssbd ibpb stibp vmmcall fsgsbase bmi1 avx2 smep bmi2 rdseed adx smap clflushopt clwb sha_ni xsaveopt xsavec xgetbv1 xsaves clzero xsaveerptr virt_ssbd arat umip rdpid
11
